<?xml version="1.0" encoding="UTF-8"?>
<testsuite xmlns:xsi="http://www.w3.org/2001/XMLSchema-instance" xsi:noNamespaceSchemaLocation="https://maven.apache.org/surefire/maven-surefire-plugin/xsd/surefire-test-report.xsd" name="com.example.helloworld.resources.ProtectedResourceTest" time="0.122" tests="5" errors="0" skipped="0" failures="0">
  <properties>
[...]
</properties>
  <testcase name="testProtectedEndpoint" classname="com.example.helloworld.resources.ProtectedResourceTest" time="0.08"/>
  <testcase name="testProtectedAdminEndpointPrincipalIsNotAuthorized403" classname="com.example.helloworld.resources.ProtectedResourceTest" time="0.005"/>
  <testcase name="testProtectedAdminEndpoint" classname="com.example.helloworld.resources.ProtectedResourceTest" time="0.004"/>
  <testcase name="testProtectedEndpointBadCredentials401" classname="com.example.helloworld.resources.ProtectedResourceTest" time="0.016"/>
  <testcase name="testProtectedEndpointNoCredentials401" classname="com.example.helloworld.resources.ProtectedResourceTest" time="0.004"/>
</testsuite>